1: lo: <LOOPBACK,UP,LOWER_UP> mtu 65536 qdisc noqueue state UNKNOWN group default qlen 1000
    link/loopback 00:00:00:00:00:00 brd 00:00:00:00:00:00
    inet 127.0.0.1/8 scope host lo
       valid_lft forever preferred_lft forever
    inet6 ::1/128 scope host noprefixroute 
       valid_lft forever preferred_lft forever
2: enp0s25: <BROADCAST,MULTICAST,UP,LOWER_UP> mtu 1500 qdisc fq_codel state UP group default qlen 1000
    link/ether 18:03:73:1f:84:a4 brd ff:ff:ff:ff:ff:ff
    inet 172.24.188.57/23 brd 172.24.189.255 scope global dynamic noprefixroute enp0s25
       valid_lft 21076sec preferred_lft 21076sec
    inet6 fe80::6fd5:28c2:e3ca:d7fd/64 scope link noprefixroute 
       valid_lft forever preferred_lft forever
6: sunbeambr0: <BROADCAST,MULTICAST,UP,LOWER_UP> mtu 1500 qdisc noqueue state UP group default qlen 1000
    link/ether 00:16:3e:6c:2a:fd brd ff:ff:ff:ff:ff:ff
    inet 10.159.97.1/24 scope global sunbeambr0
       valid_lft forever preferred_lft forever
8: vethbffd63d9@if7: <BROADCAST,MULTICAST,UP,LOWER_UP> mtu 1500 qdisc noqueue master sunbeambr0 state UP group default qlen 1000
    link/ether 4e:7b:06:78:0b:d8 brd ff:ff:ff:ff:ff:ff link-netnsid 0
9: cilium_net@cilium_host: <BROADCAST,MULTICAST,NOARP,UP,LOWER_UP> mtu 1500 qdisc noqueue state UP group default qlen 1000
    link/ether 8e:36:6f:77:d9:f5 brd ff:ff:ff:ff:ff:ff
    inet6 fe80::8c36:6fff:fe77:d9f5/64 scope link 
       valid_lft forever preferred_lft forever
10: cilium_host@cilium_net: <BROADCAST,MULTICAST,NOARP,UP,LOWER_UP> mtu 1500 qdisc noqueue state UP group default qlen 1000
    link/ether be:61:5c:c2:04:70 brd ff:ff:ff:ff:ff:ff
    inet 10.1.0.56/32 scope global cilium_host
       valid_lft forever preferred_lft forever
    inet6 fe80::bc61:5cff:fec2:470/64 scope link 
       valid_lft forever preferred_lft forever
11: cilium_vxlan: <BROADCAST,MULTICAST,UP,LOWER_UP> mtu 1500 qdisc noqueue state UNKNOWN group default 
    link/ether 16:99:12:32:b7:16 brd ff:ff:ff:ff:ff:ff
    inet6 fe80::1499:12ff:fe32:b716/64 scope link 
       valid_lft forever preferred_lft forever
13: lxc_health@if12: <BROADCAST,MULTICAST,UP,LOWER_UP> mtu 1500 qdisc noqueue state UP group default qlen 1000
    link/ether d6:99:77:4d:76:bf brd ff:ff:ff:ff:ff:ff link-netnsid 2
    inet6 fe80::d499:77ff:fe4d:76bf/64 scope link 
       valid_lft forever preferred_lft forever
15: lxc27e19b266f05@if14: <BROADCAST,MULTICAST,UP,LOWER_UP> mtu 1500 qdisc noqueue state UP group default qlen 1000
    link/ether fe:22:0e:68:40:6e brd ff:ff:ff:ff:ff:ff link-netns cni-b83dd43f-31df-3166-8e66-e85aceeb9b70
    inet6 fe80::fc22:eff:fe68:406e/64 scope link 
       valid_lft forever preferred_lft forever
17: lxc8941476c1b96@if16: <BROADCAST,MULTICAST,UP,LOWER_UP> mtu 1500 qdisc noqueue state UP group default qlen 1000
    link/ether 0e:5c:bc:68:2b:fd brd ff:ff:ff:ff:ff:ff link-netns cni-da37742a-aabd-5007-96c2-5cfe5aea9809
    inet6 fe80::c5c:bcff:fe68:2bfd/64 scope link 
       valid_lft forever preferred_lft forever
19: lxc3c7d67af5225@if18: <BROADCAST,MULTICAST,UP,LOWER_UP> mtu 1500 qdisc noqueue state UP group default qlen 1000
    link/ether 12:01:3b:83:be:52 brd ff:ff:ff:ff:ff:ff link-netns cni-0cbd71dc-5b1f-d999-9f85-6191fd3bf755
    inet6 fe80::1001:3bff:fe83:be52/64 scope link 
       valid_lft forever preferred_lft forever
21: lxcff39a8117a56@if20: <BROADCAST,MULTICAST,UP,LOWER_UP> mtu 1500 qdisc noqueue state UP group default qlen 1000
    link/ether ca:87:2f:6b:cc:80 brd ff:ff:ff:ff:ff:ff link-netns cni-1e6a2515-b655-f151-5335-5a2216ce54e1
    inet6 fe80::c887:2fff:fe6b:cc80/64 scope link 
       valid_lft forever preferred_lft forever
23: lxca0f0bd8920f4@if22: <BROADCAST,MULTICAST,UP,LOWER_UP> mtu 1500 qdisc noqueue state UP group default qlen 1000
    link/ether 96:ec:1e:81:a7:df brd ff:ff:ff:ff:ff:ff link-netns cni-c9529ac8-d61e-a783-214b-8040ab5dc5f3
    inet6 fe80::94ec:1eff:fe81:a7df/64 scope link 
       valid_lft forever preferred_lft forever
25: lxc829c262f462d@if24: <BROADCAST,MULTICAST,UP,LOWER_UP> mtu 1500 qdisc noqueue state UP group default qlen 1000
    link/ether d6:a2:34:53:f4:12 brd ff:ff:ff:ff:ff:ff link-netns cni-58471881-468a-266b-1eab-3aa69177159b
    inet6 fe80::d4a2:34ff:fe53:f412/64 scope link 
       valid_lft forever preferred_lft forever
27: lxc87be606939aa@if26: <BROADCAST,MULTICAST,UP,LOWER_UP> mtu 1500 qdisc noqueue state UP group default qlen 1000
    link/ether 36:2e:dd:0b:b2:96 brd ff:ff:ff:ff:ff:ff link-netns cni-2282f9d4-c092-fa23-79e6-1469a8d817ee
    inet6 fe80::342e:ddff:fe0b:b296/64 scope link 
       valid_lft forever preferred_lft forever
29: lxc95bdf30d03a7@if28: <BROADCAST,MULTICAST,UP,LOWER_UP> mtu 1500 qdisc noqueue state UP group default qlen 1000
    link/ether 7a:b1:1b:3c:14:c2 brd ff:ff:ff:ff:ff:ff link-netns cni-f0541f2f-966a-b1ac-8592-f6149522a554
    inet6 fe80::78b1:1bff:fe3c:14c2/64 scope link 
       valid_lft forever preferred_lft forever
31: lxc804c9bda3df4@if30: <BROADCAST,MULTICAST,UP,LOWER_UP> mtu 1500 qdisc noqueue state UP group default qlen 1000
    link/ether 0e:57:1d:47:0c:5b brd ff:ff:ff:ff:ff:ff link-netns cni-dd8ab151-01e6-00cb-daad-c214a2a0b938
    inet6 fe80::c57:1dff:fe47:c5b/64 scope link 
       valid_lft forever preferred_lft forever
33: lxc10f3ffb672aa@if32: <BROADCAST,MULTICAST,UP,LOWER_UP> mtu 1500 qdisc noqueue state UP group default qlen 1000
    link/ether 82:e1:b9:99:39:44 brd ff:ff:ff:ff:ff:ff link-netns cni-e09e4439-5fce-1cb7-81e1-86cb6f82186f
    inet6 fe80::80e1:b9ff:fe99:3944/64 scope link 
       valid_lft forever preferred_lft forever
35: lxce8bdde4f6e99@if34: <BROADCAST,MULTICAST,UP,LOWER_UP> mtu 1500 qdisc noqueue state UP group default qlen 1000
    link/ether 82:ee:b8:5f:bc:8e brd ff:ff:ff:ff:ff:ff link-netns cni-db0ef365-3f52-c413-8473-c3ce3f3fc428
    inet6 fe80::80ee:b8ff:fe5f:bc8e/64 scope link 
       valid_lft forever preferred_lft forever
37: lxc54c9dca2804b@if36: <BROADCAST,MULTICAST,UP,LOWER_UP> mtu 1500 qdisc noqueue state UP group default qlen 1000
    link/ether 3a:23:c8:9e:7f:ce brd ff:ff:ff:ff:ff:ff link-netns cni-422047a5-7e51-4eb3-b2aa-d7943385ce20
    inet6 fe80::3823:c8ff:fe9e:7fce/64 scope link 
       valid_lft forever preferred_lft forever
39: lxc51f2b688b26a@if38: <BROADCAST,MULTICAST,UP,LOWER_UP> mtu 1500 qdisc noqueue state UP group default qlen 1000
    link/ether 9e:e0:b2:eb:ef:5d brd ff:ff:ff:ff:ff:ff link-netns cni-8844196a-104f-1760-697a-f90b8ee275c0
    inet6 fe80::9ce0:b2ff:feeb:ef5d/64 scope link 
       valid_lft forever preferred_lft forever
41: lxc26fe2edf5295@if40: <BROADCAST,MULTICAST,UP,LOWER_UP> mtu 1500 qdisc noqueue state UP group default qlen 1000
    link/ether a6:be:a4:5b:e4:28 brd ff:ff:ff:ff:ff:ff link-netns cni-616a5243-386b-85cf-613f-a5912c8387a1
    inet6 fe80::a4be:a4ff:fe5b:e428/64 scope link 
       valid_lft forever preferred_lft forever
43: lxc324193d33562@if42: <BROADCAST,MULTICAST,UP,LOWER_UP> mtu 1500 qdisc noqueue state UP group default qlen 1000
    link/ether 2e:e6:ef:ee:6e:8d brd ff:ff:ff:ff:ff:ff link-netns cni-08ebfc48-b415-bfd2-cb4d-7f895c3bba73
    inet6 fe80::2ce6:efff:feee:6e8d/64 scope link 
       valid_lft forever preferred_lft forever
45: lxc093ce9b3ff6b@if44: <BROADCAST,MULTICAST,UP,LOWER_UP> mtu 1500 qdisc noqueue state UP group default qlen 1000
    link/ether 0a:e9:a6:cc:a2:c5 brd ff:ff:ff:ff:ff:ff link-netns cni-99baa559-c276-2b08-4d98-b2f063e5cf0c
    inet6 fe80::8e9:a6ff:fecc:a2c5/64 scope link 
       valid_lft forever preferred_lft forever
47: lxc7712ef79425a@if46: <BROADCAST,MULTICAST,UP,LOWER_UP> mtu 1500 qdisc noqueue state UP group default qlen 1000
    link/ether 26:17:ee:85:42:e7 brd ff:ff:ff:ff:ff:ff link-netns cni-e728438e-fb81-96d2-ce6f-6bc5e156c103
    inet6 fe80::2417:eeff:fe85:42e7/64 scope link 
       valid_lft forever preferred_lft forever
49: lxcf834eceabaec@if48: <BROADCAST,MULTICAST,UP,LOWER_UP> mtu 1500 qdisc noqueue state UP group default qlen 1000
    link/ether be:67:a6:b7:bf:00 brd ff:ff:ff:ff:ff:ff link-netns cni-dc72d61c-47cb-e670-8c75-6953ed3556bb
    inet6 fe80::bc67:a6ff:feb7:bf00/64 scope link 
       valid_lft forever preferred_lft forever
51: lxc7c52d748a675@if50: <BROADCAST,MULTICAST,UP,LOWER_UP> mtu 1500 qdisc noqueue state UP group default qlen 1000
    link/ether 6e:2a:5b:81:62:00 brd ff:ff:ff:ff:ff:ff link-netns cni-f9dc2e10-cc47-7e1e-a4bb-c7d874814884
    inet6 fe80::6c2a:5bff:fe81:6200/64 scope link 
       valid_lft forever preferred_lft forever
53: lxc66cb1b5afa60@if52: <BROADCAST,MULTICAST,UP,LOWER_UP> mtu 1500 qdisc noqueue state UP group default qlen 1000
    link/ether 4e:7d:0d:89:b1:25 brd ff:ff:ff:ff:ff:ff link-netns cni-32756ef3-0278-4ccf-590b-90a643149bd6
    inet6 fe80::4c7d:dff:fe89:b125/64 scope link 
       valid_lft forever preferred_lft forever
55: lxc471a47f3c315@if54: <BROADCAST,MULTICAST,UP,LOWER_UP> mtu 1500 qdisc noqueue state UP group default qlen 1000
    link/ether 5a:de:0b:15:df:bf brd ff:ff:ff:ff:ff:ff link-netns cni-58916beb-c53e-5c6a-2c5c-3bf9d2784999
    inet6 fe80::58de:bff:fe15:dfbf/64 scope link 
       valid_lft forever preferred_lft forever
57: lxc1e5ffde1c50d@if56: <BROADCAST,MULTICAST,UP,LOWER_UP> mtu 1500 qdisc noqueue state UP group default qlen 1000
    link/ether 12:22:bb:db:48:10 brd ff:ff:ff:ff:ff:ff link-netns cni-45f9cac2-948a-5126-5554-cad817544344
    inet6 fe80::1022:bbff:fedb:4810/64 scope link 
       valid_lft forever preferred_lft forever
59: lxca1cb575d2c91@if58: <BROADCAST,MULTICAST,UP,LOWER_UP> mtu 1500 qdisc noqueue state UP group default qlen 1000
    link/ether e6:ae:4e:5d:7d:89 brd ff:ff:ff:ff:ff:ff link-netns cni-d638780a-02c8-5f2b-9924-91d7fd671c14
    inet6 fe80::e4ae:4eff:fe5d:7d89/64 scope link 
       valid_lft forever preferred_lft forever
61: lxcd9a82d76f6dc@if60: <BROADCAST,MULTICAST,UP,LOWER_UP> mtu 1500 qdisc noqueue state UP group default qlen 1000
    link/ether 12:0f:14:02:af:99 brd ff:ff:ff:ff:ff:ff link-netns cni-5c12392b-9867-a824-20dd-76bd7a7686f4
    inet6 fe80::100f:14ff:fe02:af99/64 scope link 
       valid_lft forever preferred_lft forever
63: lxc184f9a9cc887@if62: <BROADCAST,MULTICAST,UP,LOWER_UP> mtu 1500 qdisc noqueue state UP group default qlen 1000
    link/ether fa:76:77:70:eb:e5 brd ff:ff:ff:ff:ff:ff link-netns cni-379352f4-bf82-7833-d9b5-40d4832a9268
    inet6 fe80::f876:77ff:fe70:ebe5/64 scope link 
       valid_lft forever preferred_lft forever
65: lxcae5bf37cb3c4@if64: <BROADCAST,MULTICAST,UP,LOWER_UP> mtu 1500 qdisc noqueue state UP group default qlen 1000
    link/ether 42:4a:68:35:3c:81 brd ff:ff:ff:ff:ff:ff link-netns cni-5de6c0e6-242c-e813-df30-ebc7ce6a64f1
    inet6 fe80::404a:68ff:fe35:3c81/64 scope link 
       valid_lft forever preferred_lft forever
67: lxc4c3afb2f5bc1@if66: <BROADCAST,MULTICAST,UP,LOWER_UP> mtu 1500 qdisc noqueue state UP group default qlen 1000
    link/ether c6:38:c8:75:88:29 brd ff:ff:ff:ff:ff:ff link-netns cni-843a95c8-4a4f-64b6-70f8-be7bc38408ec
    inet6 fe80::c438:c8ff:fe75:8829/64 scope link 
       valid_lft forever preferred_lft forever
69: lxcdacb0cab23ed@if68: <BROADCAST,MULTICAST,UP,LOWER_UP> mtu 1500 qdisc noqueue state UP group default qlen 1000
    link/ether 56:9c:18:72:34:19 brd ff:ff:ff:ff:ff:ff link-netns cni-4fa7cb0d-5712-6d84-1c00-02c8e6b53f8b
    inet6 fe80::549c:18ff:fe72:3419/64 scope link 
       valid_lft forever preferred_lft forever
71: lxc7ccb03214e5d@if70: <BROADCAST,MULTICAST,UP,LOWER_UP> mtu 1500 qdisc noqueue state UP group default qlen 1000
    link/ether 02:5b:95:d3:b7:e2 brd ff:ff:ff:ff:ff:ff link-netns cni-16913561-4b33-c3bc-3bf4-e57394374e69
    inet6 fe80::5b:95ff:fed3:b7e2/64 scope link 
       valid_lft forever preferred_lft forever
73: lxcbfe9a7016b79@if72: <BROADCAST,MULTICAST,UP,LOWER_UP> mtu 1500 qdisc noqueue state UP group default qlen 1000
    link/ether 42:b4:7a:d0:40:14 brd ff:ff:ff:ff:ff:ff link-netns cni-a6e005ba-c513-8e96-61ee-2d7185b555aa
    inet6 fe80::40b4:7aff:fed0:4014/64 scope link 
       valid_lft forever preferred_lft forever
75: lxcf61fdd1190c6@if74: <BROADCAST,MULTICAST,UP,LOWER_UP> mtu 1500 qdisc noqueue state UP group default qlen 1000
    link/ether b6:7c:5e:dd:cc:0d brd ff:ff:ff:ff:ff:ff link-netns cni-76d2e181-62e8-fde4-44f1-08942b3c9302
    inet6 fe80::b47c:5eff:fedd:cc0d/64 scope link 
       valid_lft forever preferred_lft forever
76: ovs-system: <BROADCAST,MULTICAST> mtu 1500 qdisc noop state DOWN group default qlen 1000
    link/ether 76:c8:22:bb:fe:d9 brd ff:ff:ff:ff:ff:ff
77: br-int: <BROADCAST,MULTICAST> mtu 1442 qdisc noop state DOWN group default qlen 1000
    link/ether e2:ef:10:48:b5:07 brd ff:ff:ff:ff:ff:ff
78: br-ex: <BROADCAST,MULTICAST,UP,LOWER_UP> mtu 1500 qdisc noqueue state UNKNOWN group default qlen 1000
    link/ether 1a:af:05:1f:a0:49 brd ff:ff:ff:ff:ff:ff
    inet 10.20.20.1/24 scope global br-ex
       valid_lft forever preferred_lft forever
    inet 172.16.2.1/24 scope global br-ex
       valid_lft forever preferred_lft forever
    inet6 fe80::18af:5ff:fe1f:a049/64 scope link 
       valid_lft forever preferred_lft forever
79: tap31d38f48-04: <BROADCAST,MULTICAST,UP,LOWER_UP> mtu 1442 qdisc noqueue master ovs-system state UNKNOWN group default qlen 1000
    link/ether fe:16:3e:05:da:a8 brd ff:ff:ff:ff:ff:ff
    inet6 fe80::fc16:3eff:fe05:daa8/64 scope link 
       valid_lft forever preferred_lft forever
80: tap8602d55e-c0@if2: <BROADCAST,MULTICAST,UP,LOWER_UP> mtu 1500 qdisc noqueue master ovs-system state UP group default qlen 1000
    link/ether fa:66:ff:db:c6:3a brd ff:ff:ff:ff:ff:ff link-netns ovnmeta-8602d55e-c495-4c99-9673-3090451e9fc0
    inet6 fe80::f866:ffff:fedb:c63a/64 scope link 
       valid_lft forever preferred_lft forever
