total 249968
drwx------ 2 root root     4096 May 20 17:02 .
drwx--x--x 4 root root     4096 May 16 19:32 ..
-rw------- 1 root root  8374032 May 20 16:03 0000000000777217-0000000000777585
-rw------- 1 root root  8378960 May 20 16:06 0000000000777586-0000000000777965
-rw------- 1 root root  6257832 May 20 16:08 0000000000777966-0000000000778240
-rw------- 1 root root  8375112 May 20 16:10 0000000000778241-0000000000778624
-rw------- 1 root root  8386312 May 20 16:13 0000000000778625-0000000000778993
-rw------- 1 root root  5867608 May 20 16:15 0000000000778994-0000000000779264
-rw------- 1 root root  8386272 May 20 16:18 0000000000779265-0000000000779632
-rw------- 1 root root  8362296 May 20 16:20 0000000000779633-0000000000780009
-rw------- 1 root root  6241672 May 20 16:22 0000000000780010-0000000000780288
-rw------- 1 root root  8382704 May 20 16:25 0000000000780289-0000000000780663
-rw------- 1 root root  8291016 May 20 16:28 0000000000780664-0000000000781019
-rw------- 1 root root  6488928 May 20 16:30 0000000000781020-0000000000781312
-rw------- 1 root root  8386128 May 20 16:32 0000000000781313-0000000000781678
-rw------- 1 root root  8383216 May 20 16:35 0000000000781679-0000000000782061
-rw------- 1 root root  6327544 May 20 16:37 0000000000782062-0000000000782336
-rw------- 1 root root  8374864 May 20 16:40 0000000000782337-0000000000782717
-rw------- 1 root root  8373888 May 20 16:42 0000000000782718-0000000000783084
-rw------- 1 root root  6048568 May 20 16:44 0000000000783085-0000000000783360
-rw------- 1 root root  8373960 May 20 16:47 0000000000783361-0000000000783728
-rw------- 1 root root  8378240 May 20 16:50 0000000000783729-0000000000784098
-rw------- 1 root root  6459664 May 20 16:52 0000000000784099-0000000000784384
-rw------- 1 root root  8386456 May 20 16:54 0000000000784385-0000000000784755
-rw------- 1 root root  8377592 May 20 16:57 0000000000784756-0000000000785116
-rw------- 1 root root  6698184 May 20 16:59 0000000000785117-0000000000785408
-rw------- 1 root root     1164 May 16 19:32 cluster.crt
-rw------- 1 root root     1675 May 16 19:32 cluster.key
-rw------- 1 root root       66 May 20 17:02 cluster.yaml
-rw------- 1 root root        0 May 16 19:33 dqlite-lock
-rw------- 1 root root       60 May 16 19:33 info.yaml
srw------- 1 root root        0 May 16 19:33 k8s-dqlite.sock
-rw------- 1 root root       32 May 16 19:33 metadata1
-rw------- 1 root root  8388608 May 20 17:02 open-2312
-rw------- 1 root root  8388608 May 20 16:57 open-2313
-rw------- 1 root root  8388608 May 20 16:59 open-2314
-rw------- 1 root root 23177746 May 20 16:52 snapshot-1-784384-338350346
-rw------- 1 root root       72 May 20 16:52 snapshot-1-784384-338350346.meta
-rw------- 1 root root 23172858 May 20 16:59 snapshot-1-785408-338793787
-rw------- 1 root root       72 May 20 16:59 snapshot-1-785408-338793787.meta
