May 16 19:33:13 research21 systemd[1]: Started snap.k8s.kube-scheduler.service - Service for snap application k8s.kube-scheduler.
May 16 19:33:13 research21 k8s.kube-scheduler[36840]: The connection to the server 127.0.0.1:6443 was refused - did you specify the right host or port?
May 16 19:33:13 research21 k8s.kube-scheduler[36811]: Waiting for kube-apiserver to start
May 16 19:33:18 research21 k8s.kube-scheduler[37272]: Error from server (Forbidden): forbidden: User "system:node:research21" cannot get path "/readyz"
May 16 19:33:18 research21 k8s.kube-scheduler[36811]: Waiting for kube-apiserver to start
May 16 19:33:21 research21 k8s.kube-scheduler[36811]: + ulimit -c unlimited
May 16 19:33:21 research21 k8s.kube-scheduler[36811]: + export GOTRACEBACK=crash
May 16 19:33:21 research21 k8s.kube-scheduler[36811]: + GOTRACEBACK=crash
May 16 19:33:21 research21 k8s.kube-scheduler[36811]: + [[ -f /var/snap/k8s/common/args/kube-scheduler-env ]]
May 16 19:33:21 research21 k8s.kube-scheduler[36811]: + exec /snap/k8s/2500/bin/kube-scheduler --authentication-kubeconfig=/etc/kubernetes/scheduler.conf --authorization-kubeconfig=/etc/kubernetes/scheduler.conf --kubeconfig=/etc/kubernetes/scheduler.conf --leader-elect-lease-duration=30s --leader-elect-renew-deadline=15s --profiling=false --tls-min-version=VersionTLS12
May 16 19:33:24 research21 k8s.kube-scheduler[36811]: I0516 19:33:24.693055   36811 serving.go:386] Generated self-signed cert in-memory
May 16 19:33:26 research21 k8s.kube-scheduler[36811]: I0516 19:33:26.376363   36811 server.go:166] "Starting Kubernetes Scheduler" version="v1.32.2"
May 16 19:33:26 research21 k8s.kube-scheduler[36811]: I0516 19:33:26.376411   36811 server.go:168] "Golang settings" GOGC="" GOMAXPROCS="" GOTRACEBACK="crash"
May 16 19:33:26 research21 k8s.kube-scheduler[36811]: I0516 19:33:26.384721   36811 secure_serving.go:213] Serving securely on [::]:10259
May 16 19:33:26 research21 k8s.kube-scheduler[36811]: I0516 19:33:26.384874   36811 requestheader_controller.go:180] Starting RequestHeaderAuthRequestController
May 16 19:33:26 research21 k8s.kube-scheduler[36811]: I0516 19:33:26.384912   36811 shared_informer.go:313] Waiting for caches to sync for RequestHeaderAuthRequestController
May 16 19:33:26 research21 k8s.kube-scheduler[36811]: I0516 19:33:26.384954   36811 tlsconfig.go:243] "Starting DynamicServingCertificateController"
May 16 19:33:26 research21 k8s.kube-scheduler[36811]: I0516 19:33:26.397662   36811 configmap_cafile_content.go:205] "Starting controller" name="client-ca::kube-system::extension-apiserver-authentication::client-ca-file"
May 16 19:33:26 research21 k8s.kube-scheduler[36811]: I0516 19:33:26.397708   36811 shared_informer.go:313] Waiting for caches to sync for client-ca::kube-system::extension-apiserver-authentication::client-ca-file
May 16 19:33:26 research21 k8s.kube-scheduler[36811]: I0516 19:33:26.397756   36811 configmap_cafile_content.go:205] "Starting controller" name="client-ca::kube-system::extension-apiserver-authentication::requestheader-client-ca-file"
May 16 19:33:26 research21 k8s.kube-scheduler[36811]: I0516 19:33:26.397772   36811 shared_informer.go:313] Waiting for caches to sync for client-ca::kube-system::extension-apiserver-authentication::requestheader-client-ca-file
May 16 19:33:26 research21 k8s.kube-scheduler[36811]: I0516 19:33:26.484959   36811 shared_informer.go:320] Caches are synced for RequestHeaderAuthRequestController
May 16 19:33:26 research21 k8s.kube-scheduler[36811]: I0516 19:33:26.484976   36811 leaderelection.go:257] attempting to acquire leader lease kube-system/kube-scheduler...
May 16 19:33:26 research21 k8s.kube-scheduler[36811]: I0516 19:33:26.498301   36811 shared_informer.go:320] Caches are synced for client-ca::kube-system::extension-apiserver-authentication::requestheader-client-ca-file
May 16 19:33:26 research21 k8s.kube-scheduler[36811]: I0516 19:33:26.498598   36811 shared_informer.go:320] Caches are synced for client-ca::kube-system::extension-apiserver-authentication::client-ca-file
May 16 19:33:26 research21 k8s.kube-scheduler[36811]: I0516 19:33:26.517821   36811 leaderelection.go:271] successfully acquired lease kube-system/kube-scheduler
